  AnimatedSprite.cpp
C:\Users\KtoChcesz\source\repos\Game\Engine\SpriteFont.h(38,20): warning C4099: 'Engine::GLTexture': type name first seen using 'struct' now seen using 'class'
C:\Users\KtoChcesz\source\repos\Game\Engine\GLTexture.h(7): message : see declaration of 'Engine::GLTexture'
C:\Users\KtoChcesz\source\repos\Game\Engine\AnimatedSprite.h(33,34): warning C4244: 'return': conversion from 'float' to 'int', possible loss of data
C:\Users\KtoChcesz\source\repos\Game\Engine\AnimatedSprite.cpp(24,17): warning C4244: 'initializing': conversion from 'int' to 'float', possible loss of data
C:\Users\KtoChcesz\source\repos\Game\Engine\AnimatedSprite.cpp(102,20): warning C4244: '=': conversion from 'int' to 'float', possible loss of data
  AudioEngine.cpp
  DefaultShader.cpp
C:\Users\KtoChcesz\source\repos\Game\Engine\DefaultShader.cpp(3,10): warning C4067: unexpected tokens following preprocessor directive - expected a newline
  Fact.cpp
  FontCache.cpp
  FrameBuffer.cpp
C:\Users\KtoChcesz\source\repos\Game\Engine\FrameBuffer.cpp(38,42): warning C4244: 'argument': conversion from 'T' to 'GLsizei', possible loss of data
          with
          [
              T=float
          ]
C:\Users\KtoChcesz\source\repos\Game\Engine\FrameBuffer.cpp(38,29): warning C4244: 'argument': conversion from 'T' to 'GLsizei', possible loss of data
          with
          [
              T=float
          ]
C:\Users\KtoChcesz\source\repos\Game\Engine\FrameBuffer.cpp(52,70): warning C4244: 'argument': conversion from 'T' to 'GLsizei', possible loss of data
          with
          [
              T=float
          ]
C:\Users\KtoChcesz\source\repos\Game\Engine\FrameBuffer.cpp(52,54): warning C4244: 'argument': conversion from 'T' to 'GLsizei', possible loss of data
          with
          [
              T=float
          ]
C:\Users\KtoChcesz\source\repos\Game\Engine\FrameBuffer.cpp(61,91): warning C4244: 'argument': conversion from 'T' to 'GLsizei', possible loss of data
          with
          [
              T=float
          ]
C:\Users\KtoChcesz\source\repos\Game\Engine\FrameBuffer.cpp(61,75): warning C4244: 'argument': conversion from 'T' to 'GLsizei', possible loss of data
          with
          [
              T=float
          ]
C:\Users\KtoChcesz\source\repos\Game\Engine\FrameBuffer.cpp(77,48): warning C4244: 'argument': conversion from 'T' to 'GLsizei', possible loss of data
          with
          [
              T=float
          ]
C:\Users\KtoChcesz\source\repos\Game\Engine\FrameBuffer.cpp(77,32): warning C4244: 'argument': conversion from 'T' to 'GLsizei', possible loss of data
          with
          [
              T=float
          ]
  GLSLProgram.cpp
C:\Users\KtoChcesz\source\repos\Game\Engine\GLSLProgram.cpp(142,31): warning C4244: 'argument': conversion from 'GLint' to 'GLfloat', possible loss of data
  ImageLoader.cpp
  IMainGame.cpp
C:\Users\KtoChcesz\source\repos\Game\Engine\SpriteFont.h(38,20): warning C4099: 'Engine::GLTexture': type name first seen using 'struct' now seen using 'class'
C:\Users\KtoChcesz\source\repos\Game\Engine\GLTexture.h(7): message : see declaration of 'Engine::GLTexture'
C:\Users\KtoChcesz\source\repos\Game\Engine\AnimatedSprite.h(33,34): warning C4244: 'return': conversion from 'float' to 'int', possible loss of data
C:\Users\KtoChcesz\source\repos\Game\Engine\IMainGame.h(59,27): warning C4244: 'initializing': conversion from 'double' to 'float', possible loss of data
C:\Users\KtoChcesz\source\repos\Game\Engine\IMainGame.cpp(6,10): fatal error C1083: Cannot open include file: 'imgui.h': No such file or directory
  imgui_impl_opengl3.cpp
C:\Users\KtoChcesz\source\repos\Game\Engine\imgui-master\backends\imgui_impl_opengl3.cpp(89,10): fatal error C1083: Cannot open include file: 'imgui.h': No such file or directory
  imgui_impl_sdl.cpp
C:\Users\KtoChcesz\source\repos\Game\Engine\imgui-master\backends\imgui_impl_sdl.cpp(53,10): fatal error C1083: Cannot open include file: 'imgui.h': No such file or directory
  imgui.cpp
  imgui_draw.cpp
  imgui_tables.cpp
  imgui_widgets.cpp
  InputManager.cpp
C:\Users\KtoChcesz\source\repos\Game\Engine\InputManager.cpp(49,8): warning C4101: 'isPressed': unreferenced local variable
  Loader.cpp
C:\Users\KtoChcesz\source\repos\Game\Engine\Loader.cpp(24,59): warning C4267: 'argument': conversion from 'size_t' to 'int', possible loss of data
C:\Users\KtoChcesz\source\repos\Game\Engine\Loader.cpp(65,52): warning C4267: 'argument': conversion from 'size_t' to 'GLsizei', possible loss of data
C:\Users\KtoChcesz\source\repos\Game\Engine\Loader.cpp(66,47): warning C4267: 'argument': conversion from 'size_t' to 'GLsizei', possible loss of data
  Minimap.cpp
C:\Users\KtoChcesz\source\repos\Game\Engine\SpriteFont.h(38,20): warning C4099: 'Engine::GLTexture': type name first seen using 'struct' now seen using 'class'
C:\Users\KtoChcesz\source\repos\Game\Engine\GLTexture.h(7): message : see declaration of 'Engine::GLTexture'
  Objective.cpp
  OBJLoader.cpp
  Compiling...
  Particle2D.cpp
C:\Users\KtoChcesz\source\repos\Game\Engine\SpriteFont.h(38,20): warning C4099: 'Engine::GLTexture': type name first seen using 'struct' now seen using 'class'
C:\Users\KtoChcesz\source\repos\Game\Engine\GLTexture.h(7): message : see declaration of 'Engine::GLTexture'
C:\Users\KtoChcesz\source\repos\Game\Engine\AnimatedSprite.h(33,34): warning C4244: 'return': conversion from 'float' to 'int', possible loss of data
C:\Users\KtoChcesz\source\repos\Game\Engine\Particle2D.cpp(29,46): warning C4244: '-=': conversion from 'double' to 'T', possible loss of data
          with
          [
              T=float
          ]
C:\Users\KtoChcesz\source\repos\Game\Engine\Particle2D.cpp(40,41): warning C4244: '=': conversion from 'double' to 'float', possible loss of data
C:\Users\KtoChcesz\source\repos\Game\Engine\Particle2D.cpp(41,204): warning C4244: 'argument': conversion from 'float' to 'GLubyte', possible loss of data
  ParticleSystem2D.cpp
C:\Users\KtoChcesz\source\repos\Game\Engine\SpriteFont.h(38,20): warning C4099: 'Engine::GLTexture': type name first seen using 'struct' now seen using 'class'
C:\Users\KtoChcesz\source\repos\Game\Engine\GLTexture.h(7): message : see declaration of 'Engine::GLTexture'
C:\Users\KtoChcesz\source\repos\Game\Engine\AnimatedSprite.h(33,34): warning C4244: 'return': conversion from 'float' to 'int', possible loss of data
  Quest.cpp
  QuestSystem.cpp
  Random.cpp
  RawModel.cpp
  Renderer3D.cpp
  ResourceManager.cpp
C:\Users\KtoChcesz\source\repos\Game\Engine\SpriteFont.h(38,20): warning C4099: 'Engine::GLTexture': type name first seen using 'struct' now seen using 'class'
C:\Users\KtoChcesz\source\repos\Game\Engine\GLTexture.h(7): message : see declaration of 'Engine::GLTexture'
  ScreenList.cpp
C:\Users\KtoChcesz\source\repos\Game\Engine\ScreenList.cpp(38,46): warning C4267: '=': conversion from 'size_t' to 'int', possible loss of data
  ShaderCache.cpp
  SpriteBatch.cpp
  TextureCache.cpp
  TexturedModel.cpp
C:\Users\KtoChcesz\source\repos\Game\Engine\SpriteFont.h(38,20): warning C4099: 'Engine::GLTexture': type name first seen using 'struct' now seen using 'class'
C:\Users\KtoChcesz\source\repos\Game\Engine\GLTexture.h(7): message : see declaration of 'Engine::GLTexture'
  Tilemap.cpp
C:\Users\KtoChcesz\source\repos\Game\Engine\TmxPropertySet.h(69,33): warning C4267: 'return': conversion from 'size_t' to 'int', possible loss of data
C:\Users\KtoChcesz\source\repos\Game\Engine\TmxMap.h(180,38): warning C4267: 'return': conversion from 'size_t' to 'int', possible loss of data
C:\Users\KtoChcesz\source\repos\Game\Engine\TmxMap.h(189,42): warning C4267: 'return': conversion from 'size_t' to 'int', possible loss of data
C:\Users\KtoChcesz\source\repos\Game\Engine\TmxMap.h(198,44): warning C4267: 'return': conversion from 'size_t' to 'int', possible loss of data
C:\Users\KtoChcesz\source\repos\Game\Engine\TmxMap.h(207,43): warning C4267: 'return': conversion from 'size_t' to 'int', possible loss of data
C:\Users\KtoChcesz\source\repos\Game\Engine\TmxMap.h(213,43): warning C4267: 'return': conversion from 'size_t' to 'int', possible loss of data
C:\Users\KtoChcesz\source\repos\Game\Engine\TmxMap.h(226,40): warning C4267: 'return': conversion from 'size_t' to 'int', possible loss of data
C:\Users\KtoChcesz\source\repos\Game\Engine\TmxObjectGroup.h(68,39): warning C4267: 'return': conversion from 'size_t' to 'int', possible loss of data
C:\Users\KtoChcesz\source\repos\Game\Engine\TmxTile.h(81,1): warning C4267: 'return': conversion from 'size_t' to 'int', possible loss of data
C:\Users\KtoChcesz\source\repos\Game\Engine\TmxPolygon.h(57,38): warning C4267: 'return': conversion from 'size_t' to 'int', possible loss of data
C:\Users\KtoChcesz\source\repos\Game\Engine\TmxPolyline.h(57,38): warning C4267: 'return': conversion from 'size_t' to 'int', possible loss of data
C:\Users\KtoChcesz\source\repos\Game\Engine\SpriteFont.h(38,20): warning C4099: 'Engine::GLTexture': type name first seen using 'struct' now seen using 'class'
C:\Users\KtoChcesz\source\repos\Game\Engine\GLTexture.h(7): message : see declaration of 'Engine::GLTexture'
  WaterTile.cpp
C:\Users\KtoChcesz\source\repos\Game\Engine\SpriteFont.h(38,20): warning C4099: 'Engine::GLTexture': type name first seen using 'struct' now seen using 'class'
C:\Users\KtoChcesz\source\repos\Game\Engine\GLTexture.h(7): message : see declaration of 'Engine::GLTexture'
  Window.cpp
C:\Users\KtoChcesz\source\repos\Game\Engine\Window.cpp(8,10): fatal error C1083: Cannot open include file: 'imgui.h': No such file or directory
