c:\users\ktochcesz\source\repos\game\engine\x64\release\engine.pdb
c:\users\ktochcesz\source\repos\game\engine\x64\release\tmximagelayer.obj
c:\users\ktochcesz\source\repos\game\engine\x64\release\tmximage.obj
c:\users\ktochcesz\source\repos\game\engine\x64\release\tmxgrouplayer.obj
c:\users\ktochcesz\source\repos\game\engine\x64\release\tmxellipse.obj
c:\users\ktochcesz\source\repos\game\engine\x64\release\tmxcolor.obj
c:\users\ktochcesz\source\repos\game\engine\x64\release\texturecache.obj
c:\users\ktochcesz\source\repos\game\engine\x64\release\spritefont.obj
c:\users\ktochcesz\source\repos\game\engine\x64\release\spritebatch.obj
c:\users\ktochcesz\source\repos\game\engine\x64\release\sprite.obj
c:\users\ktochcesz\source\repos\game\engine\x64\release\resourcemanager.obj
c:\users\ktochcesz\source\repos\game\engine\x64\release\picopng.obj
c:\users\ktochcesz\source\repos\game\engine\x64\release\iomanager.obj
c:\users\ktochcesz\source\repos\game\engine\x64\release\imageloader.obj
c:\users\ktochcesz\source\repos\game\engine\x64\release\glslprogram.obj
c:\users\ktochcesz\source\repos\game\engine\x64\release\gameeventhandler.obj
c:\users\ktochcesz\source\repos\game\engine\x64\release\error.obj
c:\users\ktochcesz\source\repos\game\engine\x64\release\engine.obj
c:\users\ktochcesz\source\repos\game\engine\x64\release\camera.obj
c:\users\ktochcesz\source\repos\game\engine\x64\release\base64.obj
c:\users\ktochcesz\source\repos\game\engine\x64\release\tinyxml2.obj
c:\users\ktochcesz\source\repos\game\engine\x64\release\window.obj
c:\users\ktochcesz\source\repos\game\engine\x64\release\tmxutil.obj
c:\users\ktochcesz\source\repos\game\engine\x64\release\tmxtileset.obj
c:\users\ktochcesz\source\repos\game\engine\x64\release\tmxtileoffset.obj
c:\users\ktochcesz\source\repos\game\engine\x64\release\tmxtilelayer.obj
c:\users\ktochcesz\source\repos\game\engine\x64\release\tmxtile.obj
c:\users\ktochcesz\source\repos\game\engine\x64\release\tmxtext.obj
c:\users\ktochcesz\source\repos\game\engine\x64\release\tmxterrainarray.obj
c:\users\ktochcesz\source\repos\game\engine\x64\release\tmxterrain.obj
c:\users\ktochcesz\source\repos\game\engine\x64\release\tmxpropertyset.obj
c:\users\ktochcesz\source\repos\game\engine\x64\release\tmxproperty.obj
c:\users\ktochcesz\source\repos\game\engine\x64\release\tmxpolyline.obj
c:\users\ktochcesz\source\repos\game\engine\x64\release\tmxpolygon.obj
c:\users\ktochcesz\source\repos\game\engine\x64\release\tmxobjectgroup.obj
c:\users\ktochcesz\source\repos\game\engine\x64\release\tmxobject.obj
c:\users\ktochcesz\source\repos\game\engine\x64\release\tmxmap.obj
c:\users\ktochcesz\source\repos\game\engine\x64\release\tmxlayer.obj
c:\users\ktochcesz\source\repos\game\engine\x64\release\miniz.obj
c:\users\ktochcesz\source\repos\game\engine\x64\release\zutil.obj
c:\users\ktochcesz\source\repos\game\engine\x64\release\uncompr.obj
c:\users\ktochcesz\source\repos\game\engine\x64\release\trees.obj
c:\users\ktochcesz\source\repos\game\engine\x64\release\inftrees.obj
c:\users\ktochcesz\source\repos\game\engine\x64\release\inflate.obj
c:\users\ktochcesz\source\repos\game\engine\x64\release\inffast.obj
c:\users\ktochcesz\source\repos\game\engine\x64\release\infback.obj
c:\users\ktochcesz\source\repos\game\engine\x64\release\gzwrite.obj
c:\users\ktochcesz\source\repos\game\engine\x64\release\gzread.obj
c:\users\ktochcesz\source\repos\game\engine\x64\release\gzlib.obj
c:\users\ktochcesz\source\repos\game\engine\x64\release\gzclose.obj
c:\users\ktochcesz\source\repos\game\engine\x64\release\deflate.obj
c:\users\ktochcesz\source\repos\game\engine\x64\release\crc32.obj
c:\users\ktochcesz\source\repos\game\engine\x64\release\compress.obj
c:\users\ktochcesz\source\repos\game\engine\x64\release\adler32.obj
c:\users\ktochcesz\source\repos\game\x64\release\engine.lib
c:\users\ktochcesz\source\repos\game\engine\x64\release\engine.tlog\cl.command.1.tlog
c:\users\ktochcesz\source\repos\game\engine\x64\release\engine.tlog\cl.read.1.tlog
c:\users\ktochcesz\source\repos\game\engine\x64\release\engine.tlog\cl.write.1.tlog
c:\users\ktochcesz\source\repos\game\engine\x64\release\engine.tlog\lib-link.read.1.tlog
c:\users\ktochcesz\source\repos\game\engine\x64\release\engine.tlog\lib-link.write.1.tlog
c:\users\ktochcesz\source\repos\game\engine\x64\release\engine.tlog\lib.command.1.tlog
