c:\users\ktochcesz\source\repos\game\engine\x64\debug\engine.pdb
c:\users\ktochcesz\source\repos\game\engine\x64\debug\engine.idb
c:\users\ktochcesz\source\repos\game\engine\x64\debug\screenlist.obj
c:\users\ktochcesz\source\repos\game\engine\x64\debug\resourcemanager.obj
c:\users\ktochcesz\source\repos\game\engine\x64\debug\picopng.obj
c:\users\ktochcesz\source\repos\game\engine\x64\debug\particlesystem2d.obj
c:\users\ktochcesz\source\repos\game\engine\x64\debug\particle2d.obj
c:\users\ktochcesz\source\repos\game\engine\x64\debug\iomanager.obj
c:\users\ktochcesz\source\repos\game\engine\x64\debug\inputmanager.obj
c:\users\ktochcesz\source\repos\game\engine\x64\debug\imaingame.obj
c:\users\ktochcesz\source\repos\game\engine\x64\debug\imageloader.obj
c:\users\ktochcesz\source\repos\game\engine\x64\debug\gui.obj
c:\users\ktochcesz\source\repos\game\engine\x64\debug\glslprogram.obj
c:\users\ktochcesz\source\repos\game\engine\x64\debug\framebuffer.obj
c:\users\ktochcesz\source\repos\game\engine\x64\debug\fontcache.obj
c:\users\ktochcesz\source\repos\game\engine\x64\debug\error.obj
c:\users\ktochcesz\source\repos\game\engine\x64\debug\engine.obj
c:\users\ktochcesz\source\repos\game\engine\x64\debug\camera.obj
c:\users\ktochcesz\source\repos\game\engine\x64\debug\base64.obj
c:\users\ktochcesz\source\repos\game\engine\x64\debug\audioengine.obj
c:\users\ktochcesz\source\repos\game\engine\x64\debug\animatedsprite.obj
c:\users\ktochcesz\source\repos\game\engine\x64\debug\tinyxml2.obj
c:\users\ktochcesz\source\repos\game\engine\x64\debug\tmxtext.obj
c:\users\ktochcesz\source\repos\game\engine\x64\debug\tmxterrainarray.obj
c:\users\ktochcesz\source\repos\game\engine\x64\debug\tmxterrain.obj
c:\users\ktochcesz\source\repos\game\engine\x64\debug\tmxpropertyset.obj
c:\users\ktochcesz\source\repos\game\engine\x64\debug\tmxproperty.obj
c:\users\ktochcesz\source\repos\game\engine\x64\debug\tmxpolyline.obj
c:\users\ktochcesz\source\repos\game\engine\x64\debug\tmxpolygon.obj
c:\users\ktochcesz\source\repos\game\engine\x64\debug\tmxobjectgroup.obj
c:\users\ktochcesz\source\repos\game\engine\x64\debug\tmxobject.obj
c:\users\ktochcesz\source\repos\game\engine\x64\debug\tmxmap.obj
c:\users\ktochcesz\source\repos\game\engine\x64\debug\tmxlayer.obj
c:\users\ktochcesz\source\repos\game\engine\x64\debug\tmximagelayer.obj
c:\users\ktochcesz\source\repos\game\engine\x64\debug\tmximage.obj
c:\users\ktochcesz\source\repos\game\engine\x64\debug\tmxgrouplayer.obj
c:\users\ktochcesz\source\repos\game\engine\x64\debug\tmxellipse.obj
c:\users\ktochcesz\source\repos\game\engine\x64\debug\tmxcolor.obj
c:\users\ktochcesz\source\repos\game\engine\x64\debug\texturecache.obj
c:\users\ktochcesz\source\repos\game\engine\x64\debug\spritefont.obj
c:\users\ktochcesz\source\repos\game\engine\x64\debug\spritebatch.obj
c:\users\ktochcesz\source\repos\game\engine\x64\debug\shadercache.obj
c:\users\ktochcesz\source\repos\game\engine\x64\debug\window.obj
c:\users\ktochcesz\source\repos\game\engine\x64\debug\watertile.obj
c:\users\ktochcesz\source\repos\game\engine\x64\debug\tmxutil.obj
c:\users\ktochcesz\source\repos\game\engine\x64\debug\tmxtileset.obj
c:\users\ktochcesz\source\repos\game\engine\x64\debug\tmxtileoffset.obj
c:\users\ktochcesz\source\repos\game\engine\x64\debug\tmxtilelayer.obj
c:\users\ktochcesz\source\repos\game\engine\x64\debug\tmxtile.obj
c:\users\ktochcesz\source\repos\game\engine\x64\debug\miniz.obj
c:\users\ktochcesz\source\repos\game\engine\x64\debug\zutil.obj
c:\users\ktochcesz\source\repos\game\engine\x64\debug\uncompr.obj
c:\users\ktochcesz\source\repos\game\engine\x64\debug\trees.obj
c:\users\ktochcesz\source\repos\game\engine\x64\debug\inftrees.obj
c:\users\ktochcesz\source\repos\game\engine\x64\debug\inflate.obj
c:\users\ktochcesz\source\repos\game\engine\x64\debug\inffast.obj
c:\users\ktochcesz\source\repos\game\engine\x64\debug\infback.obj
c:\users\ktochcesz\source\repos\game\engine\x64\debug\gzwrite.obj
c:\users\ktochcesz\source\repos\game\engine\x64\debug\gzread.obj
c:\users\ktochcesz\source\repos\game\engine\x64\debug\gzlib.obj
c:\users\ktochcesz\source\repos\game\engine\x64\debug\gzclose.obj
c:\users\ktochcesz\source\repos\game\engine\x64\debug\deflate.obj
c:\users\ktochcesz\source\repos\game\engine\x64\debug\crc32.obj
c:\users\ktochcesz\source\repos\game\engine\x64\debug\compress.obj
c:\users\ktochcesz\source\repos\game\engine\x64\debug\adler32.obj
c:\users\ktochcesz\source\repos\game\engine\x64\debug\renderer3d.obj
c:\users\ktochcesz\source\repos\game\engine\x64\debug\rawmodel.obj
c:\users\ktochcesz\source\repos\game\engine\x64\debug\loader.obj
c:\users\ktochcesz\source\repos\game\engine\x64\debug\texturedmodel.obj
c:\users\ktochcesz\source\repos\game\engine\x64\debug\objloader.obj
c:\users\ktochcesz\source\repos\game\engine\x64\debug\deafultshader.obj
c:\users\ktochcesz\source\repos\game\engine\x64\debug\defaultshader.obj
c:\users\ktochcesz\source\repos\game\x64\debug\engine.lib
c:\users\ktochcesz\source\repos\game\engine\x64\debug\engine.tlog\cl.command.1.tlog
c:\users\ktochcesz\source\repos\game\engine\x64\debug\engine.tlog\cl.read.1.tlog
c:\users\ktochcesz\source\repos\game\engine\x64\debug\engine.tlog\cl.write.1.tlog
c:\users\ktochcesz\source\repos\game\engine\x64\debug\engine.tlog\lib-link.read.1.tlog
c:\users\ktochcesz\source\repos\game\engine\x64\debug\engine.tlog\lib-link.write.1.tlog
c:\users\ktochcesz\source\repos\game\engine\x64\debug\engine.tlog\lib.command.1.tlog
