  App.cpp
C:\Users\KtoChcesz\source\repos\Game\Engine\Window.h(3,10): fatal error C1083: Cannot open include file: 'SDL.h': No such file or directory
  Bucket.cpp
C:\Users\KtoChcesz\source\repos\Game\Engine\Collider2D.h(3,10): fatal error C1083: Cannot open include file: 'glm.hpp': No such file or directory
  CreditsScreen.cpp
C:\Users\KtoChcesz\source\repos\Game\Engine\Window.h(3,10): fatal error C1083: Cannot open include file: 'SDL.h': No such file or directory
  Furnace.cpp
C:\Users\KtoChcesz\source\repos\Game\Engine\Collider2D.h(3,10): fatal error C1083: Cannot open include file: 'glm.hpp': No such file or directory
  GameplayScreen.cpp
C:\Users\KtoChcesz\source\repos\Game\Engine\Camera.h(3,10): fatal error C1083: Cannot open include file: 'glm.hpp': No such file or directory
  InteractiveItem.cpp
C:\Users\KtoChcesz\source\repos\Game\Engine\Collider2D.h(3,10): fatal error C1083: Cannot open include file: 'glm.hpp': No such file or directory
  LaunchScene.cpp
C:\Users\KtoChcesz\source\repos\Game\Engine\GLSLProgram.h(3,10): fatal error C1083: Cannot open include file: 'glew.h': No such file or directory
  main.cpp
C:\Users\KtoChcesz\source\repos\Game\Engine\Window.h(3,10): fatal error C1083: Cannot open include file: 'SDL.h': No such file or directory
  MainMenuScene.cpp
C:\Users\KtoChcesz\source\repos\Game\Engine\GLSLProgram.h(3,10): fatal error C1083: Cannot open include file: 'glew.h': No such file or directory
  Player.cpp
C:\Users\KtoChcesz\source\repos\Game\Worcella\Player.h(3,10): fatal error C1083: Cannot open include file: 'SDL.h': No such file or directory
  Shelf.cpp
C:\Users\KtoChcesz\source\repos\Game\Engine\Collider2D.h(3,10): fatal error C1083: Cannot open include file: 'glm.hpp': No such file or directory
